# JRE version: Java(TM) SE Runtime Environment (8.0_73-b02) (build 1.8.0_73-b02)
# Java VM: Java HotSpot(TM) 64-Bit Server VM (25.73-b02 mixed mode windows-amd64 compressed oops)
Heap:
 PSYoungGen      total 136704K, used 49224K [0x000000076b580000, 0x0000000775e80000, 0x00000007c0000000)
  eden space 125440K, 39% used [0x000000076b580000,0x000000076e5921f0,0x0000000773000000)
  from space 11264K, 0% used [0x0000000775380000,0x0000000775380000,0x0000000775e80000)
  to   space 10752K, 0% used [0x0000000773000000,0x0000000773000000,0x0000000773a80000)
 ParOldGen       total 102400K, used 16980K [0x00000006c2000000, 0x00000006c8400000, 0x000000076b580000)
  object space 102400K, 16% used [0x00000006c2000000,0x00000006c30950b0,0x00000006c8400000)
 Metaspace       used 37242K, capacity 38392K, committed 38656K, reserved 1083392K
  class space    used 4764K, capacity 5001K, committed 5120K, reserved 1048576K
GC Heap History (10 events):
Event: 1.197 GC heap before
{Heap before GC invocations=4 (full 1):
 PSYoungGen      total 75776K, used 8463K [0x000000076b580000, 0x0000000774980000, 0x00000007c0000000)
  eden space 65024K, 0% used [0x000000076b580000,0x000000076b580000,0x000000076f500000)
  from space 10752K, 78% used [0x000000076f500000,0x000000076fd43d58,0x000000076ff80000)
  to   space 10752K, 0% used [0x0000000773f00000,0x0000000773f00000,0x0000000774980000)
 ParOldGen       total 173568K, used 96K [0x00000006c2000000, 0x00000006cc980000, 0x000000076b580000)
  object space 173568K, 0% used [0x00000006c2000000,0x00000006c2018010,0x00000006cc980000)
 Metaspace       used 20612K, capacity 21142K, committed 21248K, reserved 1067008K
  class space    used 2633K, capacity 2795K, committed 2816K, reserved 1048576K
Event: 1.214 GC heap after
Heap after GC invocations=4 (full 1):
 PSYoungGen      total 75776K, used 0K [0x000000076b580000, 0x0000000774980000, 0x00000007c0000000)
  eden space 65024K, 0% used [0x000000076b580000,0x000000076b580000,0x000000076f500000)
  from space 10752K, 0% used [0x000000076f500000,0x000000076f500000,0x000000076ff80000)
  to   space 10752K, 0% used [0x0000000773f00000,0x0000000773f00000,0x0000000774980000)
 ParOldGen       total 102400K, used 8194K [0x00000006c2000000, 0x00000006c8400000, 0x000000076b580000)
  object space 102400K, 8% used [0x00000006c2000000,0x00000006c2800b50,0x00000006c8400000)
 Metaspace       used 20612K, capacity 21142K, committed 21248K, reserved 1067008K
  class space    used 2633K, capacity 2795K, committed 2816K, reserved 1048576K
}
Event: 1.468 GC heap before
{Heap before GC invocations=5 (full 1):
 PSYoungGen      total 75776K, used 65024K [0x000000076b580000, 0x0000000774980000, 0x00000007c0000000)
  eden space 65024K, 100% used [0x000000076b580000,0x000000076f500000,0x000000076f500000)
  from space 10752K, 0% used [0x000000076f500000,0x000000076f500000,0x000000076ff80000)
  to   space 10752K, 0% used [0x0000000773f00000,0x0000000773f00000,0x0000000774980000)
 ParOldGen       total 102400K, used 8194K [0x00000006c2000000, 0x00000006c8400000, 0x000000076b580000)
  object space 102400K, 8% used [0x00000006c2000000,0x00000006c2800b50,0x00000006c8400000)
 Metaspace       used 23712K, capacity 24402K, committed 24576K, reserved 1071104K
  class space    used 3030K, capacity 3215K, committed 3328K, reserved 1048576K
Event: 1.472 GC heap after
Heap after GC invocations=5 (full 1):
 PSYoungGen      total 107008K, used 5915K [0x000000076b580000, 0x0000000774500000, 0x00000007c0000000)
  eden space 100864K, 0% used [0x000000076b580000,0x000000076b580000,0x0000000771800000)
  from space 6144K, 96% used [0x0000000773f00000,0x00000007744c6d78,0x0000000774500000)
  to   space 10752K, 0% used [0x0000000773000000,0x0000000773000000,0x0000000773a80000)
 ParOldGen       total 102400K, used 8202K [0x00000006c2000000, 0x00000006c8400000, 0x000000076b580000)
  object space 102400K, 8% used [0x00000006c2000000,0x00000006c2802b50,0x00000006c8400000)
 Metaspace       used 23712K, capacity 24402K, committed 24576K, reserved 1071104K
  class space    used 3030K, capacity 3215K, committed 3328K, reserved 1048576K
}
Event: 3.521 GC heap before
{Heap before GC invocations=6 (full 1):
 PSYoungGen      total 107008K, used 106779K [0x000000076b580000, 0x0000000774500000, 0x00000007c0000000)
  eden space 100864K, 100% used [0x000000076b580000,0x0000000771800000,0x0000000771800000)
  from space 6144K, 96% used [0x0000000773f00000,0x00000007744c6d78,0x0000000774500000)
  to   space 10752K, 0% used [0x0000000773000000,0x0000000773000000,0x0000000773a80000)
 ParOldGen       total 102400K, used 8202K [0x00000006c2000000, 0x00000006c8400000, 0x000000076b580000)
  object space 102400K, 8% used [0x00000006c2000000,0x00000006c2802b50,0x00000006c8400000)
 Metaspace       used 29502K, capacity 30516K, committed 30720K, reserved 1075200K
  class space    used 3762K, capacity 3990K, committed 4096K, reserved 1048576K
Event: 3.527 GC heap after
Heap after GC invocations=6 (full 1):
 PSYoungGen      total 136192K, used 10362K [0x000000076b580000, 0x0000000775e80000, 0x00000007c0000000)
  eden space 125440K, 0% used [0x000000076b580000,0x000000076b580000,0x0000000773000000)
  from space 10752K, 96% used [0x0000000773000000,0x0000000773a1e8f0,0x0000000773a80000)
  to   space 11264K, 0% used [0x0000000775380000,0x0000000775380000,0x0000000775e80000)
 ParOldGen       total 102400K, used 8210K [0x00000006c2000000, 0x00000006c8400000, 0x000000076b580000)
  object space 102400K, 8% used [0x00000006c2000000,0x00000006c2804b50,0x00000006c8400000)
 Metaspace       used 29502K, capacity 30516K, committed 30720K, reserved 1075200K
  class space    used 3762K, capacity 3990K, committed 4096K, reserved 1048576K
}
Event: 4.685 GC heap before
{Heap before GC invocations=7 (full 1):
 PSYoungGen      total 136192K, used 92944K [0x000000076b580000, 0x0000000775e80000, 0x00000007c0000000)
  eden space 125440K, 65% used [0x000000076b580000,0x0000000770625880,0x0000000773000000)
  from space 10752K, 96% used [0x0000000773000000,0x0000000773a1e8f0,0x0000000773a80000)
  to   space 11264K, 0% used [0x0000000775380000,0x0000000775380000,0x0000000775e80000)
 ParOldGen       total 102400K, used 8210K [0x00000006c2000000, 0x00000006c8400000, 0x000000076b580000)
  object space 102400K, 8% used [0x00000006c2000000,0x00000006c2804b50,0x00000006c8400000)
 Metaspace       used 34288K, capacity 35300K, committed 35416K, reserved 1081344K
  class space    used 4377K, capacity 4592K, committed 4608K, reserved 1048576K
Event: 4.693 GC heap after
Heap after GC invocations=7 (full 1):
 PSYoungGen      total 136704K, used 11244K [0x000000076b580000, 0x0000000775e80000, 0x00000007c0000000)
  eden space 125440K, 0% used [0x000000076b580000,0x000000076b580000,0x0000000773000000)
  from space 11264K, 99% used [0x0000000775380000,0x0000000775e7b160,0x0000000775e80000)
  to   space 10752K, 0% used [0x0000000773000000,0x0000000773000000,0x0000000773a80000)
 ParOldGen       total 102400K, used 9193K [0x00000006c2000000, 0x00000006c8400000, 0x000000076b580000)
  object space 102400K, 8% used [0x00000006c2000000,0x00000006c28fa740,0x00000006c8400000)
 Metaspace       used 34288K, capacity 35300K, committed 35416K, reserved 1081344K
  class space    used 4377K, capacity 4592K, committed 4608K, reserved 1048576K
}
Event: 4.693 GC heap before
{Heap before GC invocations=8 (full 2):
 PSYoungGen      total 136704K, used 11244K [0x000000076b580000, 0x0000000775e80000, 0x00000007c0000000)
  eden space 125440K, 0% used [0x000000076b580000,0x000000076b580000,0x0000000773000000)
  from space 11264K, 99% used [0x0000000775380000,0x0000000775e7b160,0x0000000775e80000)
  to   space 10752K, 0% used [0x0000000773000000,0x0000000773000000,0x0000000773a80000)
 ParOldGen       total 102400K, used 9193K [0x00000006c2000000, 0x00000006c8400000, 0x000000076b580000)
  object space 102400K, 8% used [0x00000006c2000000,0x00000006c28fa740,0x00000006c8400000)
 Metaspace       used 34288K, capacity 35300K, committed 35416K, reserved 1081344K
  class space    used 4377K, capacity 4592K, committed 4608K, reserved 1048576K
Event: 4.722 GC heap after
Heap after GC invocations=8 (full 2):
 PSYoungGen      total 136704K, used 0K [0x000000076b580000, 0x0000000775e80000, 0x00000007c0000000)
  eden space 125440K, 0% used [0x000000076b580000,0x000000076b580000,0x0000000773000000)
  from space 11264K, 0% used [0x0000000775380000,0x0000000775380000,0x0000000775e80000)
  to   space 10752K, 0% used [0x0000000773000000,0x0000000773000000,0x0000000773a80000)
 ParOldGen       total 102400K, used 16980K [0x00000006c2000000, 0x00000006c8400000, 0x000000076b580000)
  object space 102400K, 16% used [0x00000006c2000000,0x00000006c30950b0,0x00000006c8400000)
 Metaspace       used 34288K, capacity 35300K, committed 35416K, reserved 1081344K
  class space    used 4377K, capacity 4592K, committed 4608K, reserved 1048576K
}

