# JRE version: Java(TM) SE Runtime Environment (8.0_73-b02) (build 1.8.0_73-b02)
# Java VM: Java HotSpot(TM) 64-Bit Server VM (25.73-b02 mixed mode windows-amd64 compressed oops)
Heap:
 PSYoungGen      total 224768K, used 39676K [0x000000076b580000, 0x0000000779f80000, 0x00000007c0000000)
  eden space 212992K, 13% used [0x000000076b580000,0x000000076d29e090,0x0000000778580000)
  from space 11776K, 83% used [0x0000000779400000,0x0000000779da1260,0x0000000779f80000)
  to   space 13312K, 0% used [0x0000000778580000,0x0000000778580000,0x0000000779280000)
 ParOldGen       total 103424K, used 17161K [0x00000006c2000000, 0x00000006c8500000, 0x000000076b580000)
  object space 103424K, 16% used [0x00000006c2000000,0x00000006c30c2478,0x00000006c8500000)
 Metaspace       used 47796K, capacity 49312K, committed 49536K, reserved 1091584K
  class space    used 6140K, capacity 6422K, committed 6528K, reserved 1048576K
GC Heap History (10 events):
Event: 3.549 GC heap before
{Heap before GC invocations=6 (full 1):
 PSYoungGen      total 105984K, used 105778K [0x000000076b580000, 0x0000000774500000, 0x00000007c0000000)
  eden space 99840K, 100% used [0x000000076b580000,0x0000000771700000,0x0000000771700000)
  from space 6144K, 96% used [0x0000000773f00000,0x00000007744cc950,0x0000000774500000)
  to   space 10752K, 0% used [0x0000000773000000,0x0000000773000000,0x0000000773a80000)
 ParOldGen       total 103424K, used 8244K [0x00000006c2000000, 0x00000006c8500000, 0x000000076b580000)
  object space 103424K, 7% used [0x00000006c2000000,0x00000006c280d190,0x00000006c8500000)
 Metaspace       used 29325K, capacity 30292K, committed 30336K, reserved 1075200K
  class space    used 3734K, capacity 3958K, committed 3968K, reserved 1048576K
Event: 3.554 GC heap after
Heap after GC invocations=6 (full 1):
 PSYoungGen      total 136192K, used 10117K [0x000000076b580000, 0x0000000775a80000, 0x00000007c0000000)
  eden space 125440K, 0% used [0x000000076b580000,0x000000076b580000,0x0000000773000000)
  from space 10752K, 94% used [0x0000000773000000,0x00000007739e17c8,0x0000000773a80000)
  to   space 10752K, 0% used [0x0000000775000000,0x0000000775000000,0x0000000775a80000)
 ParOldGen       total 103424K, used 8252K [0x00000006c2000000, 0x00000006c8500000, 0x000000076b580000)
  object space 103424K, 7% used [0x00000006c2000000,0x00000006c280f190,0x00000006c8500000)
 Metaspace       used 29325K, capacity 30292K, committed 30336K, reserved 1075200K
  class space    used 3734K, capacity 3958K, committed 3968K, reserved 1048576K
}
Event: 4.726 GC heap before
{Heap before GC invocations=7 (full 1):
 PSYoungGen      total 136192K, used 92870K [0x000000076b580000, 0x0000000775a80000, 0x00000007c0000000)
  eden space 125440K, 65% used [0x000000076b580000,0x00000007706503a0,0x0000000773000000)
  from space 10752K, 94% used [0x0000000773000000,0x00000007739e17c8,0x0000000773a80000)
  to   space 10752K, 0% used [0x0000000775000000,0x0000000775000000,0x0000000775a80000)
 ParOldGen       total 103424K, used 8252K [0x00000006c2000000, 0x00000006c8500000, 0x000000076b580000)
  object space 103424K, 7% used [0x00000006c2000000,0x00000006c280f190,0x00000006c8500000)
 Metaspace       used 34290K, capacity 35292K, committed 35416K, reserved 1081344K
  class space    used 4371K, capacity 4592K, committed 4608K, reserved 1048576K
Event: 4.733 GC heap after
Heap after GC invocations=7 (full 1):
 PSYoungGen      total 155648K, used 10729K [0x000000076b580000, 0x0000000778000000, 0x00000007c0000000)
  eden space 144896K, 0% used [0x000000076b580000,0x000000076b580000,0x0000000774300000)
  from space 10752K, 99% used [0x0000000775000000,0x0000000775a7a580,0x0000000775a80000)
  to   space 13312K, 0% used [0x0000000774300000,0x0000000774300000,0x0000000775000000)
 ParOldGen       total 103424K, used 9900K [0x00000006c2000000, 0x00000006c8500000, 0x000000076b580000)
  object space 103424K, 9% used [0x00000006c2000000,0x00000006c29ab0e0,0x00000006c8500000)
 Metaspace       used 34290K, capacity 35292K, committed 35416K, reserved 1081344K
  class space    used 4371K, capacity 4592K, committed 4608K, reserved 1048576K
}
Event: 4.733 GC heap before
{Heap before GC invocations=8 (full 2):
 PSYoungGen      total 155648K, used 10729K [0x000000076b580000, 0x0000000778000000, 0x00000007c0000000)
  eden space 144896K, 0% used [0x000000076b580000,0x000000076b580000,0x0000000774300000)
  from space 10752K, 99% used [0x0000000775000000,0x0000000775a7a580,0x0000000775a80000)
  to   space 13312K, 0% used [0x0000000774300000,0x0000000774300000,0x0000000775000000)
 ParOldGen       total 103424K, used 9900K [0x00000006c2000000, 0x00000006c8500000, 0x000000076b580000)
  object space 103424K, 9% used [0x00000006c2000000,0x00000006c29ab0e0,0x00000006c8500000)
 Metaspace       used 34290K, capacity 35292K, committed 35416K, reserved 1081344K
  class space    used 4371K, capacity 4592K, committed 4608K, reserved 1048576K
Event: 4.761 GC heap after
Heap after GC invocations=8 (full 2):
 PSYoungGen      total 155648K, used 0K [0x000000076b580000, 0x0000000778000000, 0x00000007c0000000)
  eden space 144896K, 0% used [0x000000076b580000,0x000000076b580000,0x0000000774300000)
  from space 10752K, 0% used [0x0000000775000000,0x0000000775000000,0x0000000775a80000)
  to   space 13312K, 0% used [0x0000000774300000,0x0000000774300000,0x0000000775000000)
 ParOldGen       total 103424K, used 17145K [0x00000006c2000000, 0x00000006c8500000, 0x000000076b580000)
  object space 103424K, 16% used [0x00000006c2000000,0x00000006c30be478,0x00000006c8500000)
 Metaspace       used 34290K, capacity 35292K, committed 35416K, reserved 1081344K
  class space    used 4371K, capacity 4592K, committed 4608K, reserved 1048576K
}
Event: 5.493 GC heap before
{Heap before GC invocations=9 (full 2):
 PSYoungGen      total 155648K, used 144896K [0x000000076b580000, 0x0000000778000000, 0x00000007c0000000)
  eden space 144896K, 100% used [0x000000076b580000,0x0000000774300000,0x0000000774300000)
  from space 10752K, 0% used [0x0000000775000000,0x0000000775000000,0x0000000775a80000)
  to   space 13312K, 0% used [0x0000000774300000,0x0000000774300000,0x0000000775000000)
 ParOldGen       total 103424K, used 17145K [0x00000006c2000000, 0x00000006c8500000, 0x000000076b580000)
  object space 103424K, 16% used [0x00000006c2000000,0x00000006c30be478,0x00000006c8500000)
 Metaspace       used 41060K, capacity 42264K, committed 42624K, reserved 1087488K
  class space    used 5208K, capacity 5457K, committed 5504K, reserved 1048576K
Event: 5.499 GC heap after
Heap after GC invocations=9 (full 2):
 PSYoungGen      total 158208K, used 10640K [0x000000076b580000, 0x000000077a180000, 0x00000007c0000000)
  eden space 144896K, 0% used [0x000000076b580000,0x000000076b580000,0x0000000774300000)
  from space 13312K, 79% used [0x0000000774300000,0x0000000774d64158,0x0000000775000000)
  to   space 13824K, 0% used [0x0000000779400000,0x0000000779400000,0x000000077a180000)
 ParOldGen       total 103424K, used 17153K [0x00000006c2000000, 0x00000006c8500000, 0x000000076b580000)
  object space 103424K, 16% used [0x00000006c2000000,0x00000006c30c0478,0x00000006c8500000)
 Metaspace       used 41060K, capacity 42264K, committed 42624K, reserved 1087488K
  class space    used 5208K, capacity 5457K, committed 5504K, reserved 1048576K
}
Event: 6.060 GC heap before
{Heap before GC invocations=10 (full 2):
 PSYoungGen      total 158208K, used 155536K [0x000000076b580000, 0x000000077a180000, 0x00000007c0000000)
  eden space 144896K, 100% used [0x000000076b580000,0x0000000774300000,0x0000000774300000)
  from space 13312K, 79% used [0x0000000774300000,0x0000000774d64158,0x0000000775000000)
  to   space 13824K, 0% used [0x0000000779400000,0x0000000779400000,0x000000077a180000)
 ParOldGen       total 103424K, used 17153K [0x00000006c2000000, 0x00000006c8500000, 0x000000076b580000)
  object space 103424K, 16% used [0x00000006c2000000,0x00000006c30c0478,0x00000006c8500000)
 Metaspace       used 44727K, capacity 46174K, committed 46336K, reserved 1089536K
  class space    used 5810K, capacity 6096K, committed 6144K, reserved 1048576K
Event: 6.065 GC heap after
Heap after GC invocations=10 (full 2):
 PSYoungGen      total 224768K, used 9860K [0x000000076b580000, 0x0000000779f80000, 0x00000007c0000000)
  eden space 212992K, 0% used [0x000000076b580000,0x000000076b580000,0x0000000778580000)
  from space 11776K, 83% used [0x0000000779400000,0x0000000779da1260,0x0000000779f80000)
  to   space 13312K, 0% used [0x0000000778580000,0x0000000778580000,0x0000000779280000)
 ParOldGen       total 103424K, used 17161K [0x00000006c2000000, 0x00000006c8500000, 0x000000076b580000)
  object space 103424K, 16% used [0x00000006c2000000,0x00000006c30c2478,0x00000006c8500000)
 Metaspace       used 44727K, capacity 46174K, committed 46336K, reserved 1089536K
  class space    used 5810K, capacity 6096K, committed 6144K, reserved 1048576K
}

